2020/08/30 14:04:37 [error] [system.db.CDbCommand] CDbCommand::fetchAll() failed: SQLSTATE[42S02]: Base table or view not found: 1146 Table 'testdrive.tbl_tag' doesn't exist. The SQL statement executed was: SHOW FULL COLUMNS FROM `tbl_tag`.
in C:\wamp64\www\yii1\blog\index.php (13)
2020/08/30 14:04:42 [error] [system.db.CDbCommand] CDbCommand::fetchAll() failed: SQLSTATE[42S02]: Base table or view not found: 1146 Table 'testdrive.tbl_tag' doesn't exist. The SQL statement executed was: SHOW FULL COLUMNS FROM `tbl_tag`.
in C:\wamp64\www\yii1\blog\index.php (13)
2020/08/31 08:55:39 [error] [exception.CException] CException: User and its behaviors do not have a method or closure named "validaterPassword". in C:\wamp64\www\yii1\yii\framework\base\CComponent.php:266
Stack trace:
#0 C:\wamp64\www\yii1\yii\framework\db\ar\CActiveRecord.php(229): CComponent->__call('validaterPasswo...', Array)
#1 C:\wamp64\www\yii1\blog\protected\components\UserIdentity.php(27): CActiveRecord->__call('validaterPasswo...', Array)
#2 C:\wamp64\www\yii1\blog\protected\models\LoginForm.php(54): UserIdentity->authenticate()
#3 C:\wamp64\www\yii1\yii\framework\validators\CInlineValidator.php(42): LoginForm->authenticate('password', Array)
#4 C:\wamp64\www\yii1\yii\framework\validators\CValidator.php(201): CInlineValidator->validateAttribute(Object(LoginForm), 'password')
#5 C:\wamp64\www\yii1\yii\framework\base\CModel.php(159): CValidator->validate(Object(LoginForm), Array)
#6 C:\wamp64\www\yii1\blog\protected\controllers\SiteController.php(94): CModel->validate()
#7 C:\wamp64\www\yii1\yii\framework\web\actions\CInlineAction.php(49): SiteController->actionLogin()
#8 C:\wamp64\www\yii1\yii\framework\web\CController.php(308): CInlineAction->runWithParams(Array)
#9 C:\wamp64\www\yii1\yii\framework\web\CController.php(286): CController->runAction(Object(CInlineAction))
#10 C:\wamp64\www\yii1\yii\framework\web\CController.php(265): CController->runActionWithFilters(Object(CInlineAction), Array)
#11 C:\wamp64\www\yii1\yii\framework\web\CWebApplication.php(282): CController->run('login')
#12 C:\wamp64\www\yii1\yii\framework\web\CWebApplication.php(141): CWebApplication->runController('site/login')
#13 C:\wamp64\www\yii1\yii\framework\base\CApplication.php(185): CWebApplication->processRequest()
#14 C:\wamp64\www\yii1\blog\index.php(13): CApplication->run()
#15 {main}
REQUEST_URI=/yii1/blog/index.php?r=site/login
HTTP_REFERER=http://localhost/yii1/blog/index.php?r=site/login
---
2020/08/31 08:56:16 [error] [exception.CException] CException: User and its behaviors do not have a method or closure named "validaterPassword". in C:\wamp64\www\yii1\yii\framework\base\CComponent.php:266
Stack trace:
#0 C:\wamp64\www\yii1\yii\framework\db\ar\CActiveRecord.php(229): CComponent->__call('validaterPasswo...', Array)
#1 C:\wamp64\www\yii1\blog\protected\components\UserIdentity.php(27): CActiveRecord->__call('validaterPasswo...', Array)
#2 C:\wamp64\www\yii1\blog\protected\models\LoginForm.php(54): UserIdentity->authenticate()
#3 C:\wamp64\www\yii1\yii\framework\validators\CInlineValidator.php(42): LoginForm->authenticate('password', Array)
#4 C:\wamp64\www\yii1\yii\framework\validators\CValidator.php(201): CInlineValidator->validateAttribute(Object(LoginForm), 'password')
#5 C:\wamp64\www\yii1\yii\framework\base\CModel.php(159): CValidator->validate(Object(LoginForm), Array)
#6 C:\wamp64\www\yii1\blog\protected\controllers\SiteController.php(94): CModel->validate()
#7 C:\wamp64\www\yii1\yii\framework\web\actions\CInlineAction.php(49): SiteController->actionLogin()
#8 C:\wamp64\www\yii1\yii\framework\web\CController.php(308): CInlineAction->runWithParams(Array)
#9 C:\wamp64\www\yii1\yii\framework\web\CController.php(286): CController->runAction(Object(CInlineAction))
#10 C:\wamp64\www\yii1\yii\framework\web\CController.php(265): CController->runActionWithFilters(Object(CInlineAction), Array)
#11 C:\wamp64\www\yii1\yii\framework\web\CWebApplication.php(282): CController->run('login')
#12 C:\wamp64\www\yii1\yii\framework\web\CWebApplication.php(141): CWebApplication->runController('site/login')
#13 C:\wamp64\www\yii1\yii\framework\base\CApplication.php(185): CWebApplication->processRequest()
#14 C:\wamp64\www\yii1\blog\index.php(13): CApplication->run()
#15 {main}
REQUEST_URI=/yii1/blog/index.php?r=site/login
HTTP_REFERER=http://localhost/yii1/blog/index.php?r=site/login
---
2020/08/31 11:14:25 [warning] [application] Failed to set unsafe attribute "create_time" of "Post".
in C:\wamp64\www\yii1\blog\protected\controllers\PostController.php (72)
in C:\wamp64\www\yii1\blog\index.php (13)
2020/08/31 11:14:25 [warning] [application] Failed to set unsafe attribute "update_time" of "Post".
in C:\wamp64\www\yii1\blog\protected\controllers\PostController.php (72)
in C:\wamp64\www\yii1\blog\index.php (13)
2020/08/31 11:14:25 [warning] [application] Failed to set unsafe attribute "author_id" of "Post".
in C:\wamp64\www\yii1\blog\protected\controllers\PostController.php (72)
in C:\wamp64\www\yii1\blog\index.php (13)
2020/08/31 11:14:25 [error] [exception.Error] Error: Call to undefined method Tag::array2string() in C:\wamp64\www\yii1\blog\protected\models\Post.php:117
Stack trace:
#0 C:\wamp64\www\yii1\yii\framework\validators\CInlineValidator.php(42): Post->normalizeTags('tags', Array)
#1 C:\wamp64\www\yii1\yii\framework\validators\CValidator.php(201): CInlineValidator->validateAttribute(Object(Post), 'tags')
#2 C:\wamp64\www\yii1\yii\framework\base\CModel.php(159): CValidator->validate(Object(Post), Array)
#3 C:\wamp64\www\yii1\yii\framework\db\ar\CActiveRecord.php(810): CModel->validate(NULL)
#4 C:\wamp64\www\yii1\blog\protected\controllers\PostController.php(73): CActiveRecord->save()
#5 C:\wamp64\www\yii1\yii\framework\web\actions\CInlineAction.php(49): PostController->actionCreate()
#6 C:\wamp64\www\yii1\yii\framework\web\CController.php(308): CInlineAction->runWithParams(Array)
#7 C:\wamp64\www\yii1\yii\framework\web\filters\CFilterChain.php(134): CController->runAction(Object(CInlineAction))
#8 C:\wamp64\www\yii1\yii\framework\web\filters\CFilter.php(40): CFilterChain->run()
#9 C:\wamp64\www\yii1\yii\framework\web\CController.php(1148): CFilter->filter(Object(CFilterChain))
#10 C:\wamp64\www\yii1\yii\framework\web\filters\CInlineFilter.php(58): CController->filterAccessControl(Object(CFilterChain))
#11 C:\wamp64\www\yii1\yii\framework\web\filters\CFilterChain.php(131): CInlineFilter->filter(Object(CFilterChain))
#12 C:\wamp64\www\yii1\yii\framework\web\CController.php(291): CFilterChain->run()
#13 C:\wamp64\www\yii1\yii\framework\web\CController.php(265): CController->runActionWithFilters(Object(CInlineAction), Array)
#14 C:\wamp64\www\yii1\yii\framework\web\CWebApplication.php(282): CController->run('create')
#15 C:\wamp64\www\yii1\yii\framework\web\CWebApplication.php(141): CWebApplication->runController('post/create')
#16 C:\wamp64\www\yii1\yii\framework\base\CApplication.php(185): CWebApplication->processRequest()
#17 C:\wamp64\www\yii1\blog\index.php(13): CApplication->run()
#18 {main}
REQUEST_URI=/yii1/blog/index.php?r=post/create
HTTP_REFERER=http://localhost/yii1/blog/index.php?r=post/create
---
2020/08/31 11:14:41 [warning] [application] Failed to set unsafe attribute "create_time" of "Post".
in C:\wamp64\www\yii1\blog\protected\controllers\PostController.php (72)
in C:\wamp64\www\yii1\blog\index.php (13)
2020/08/31 11:14:41 [warning] [application] Failed to set unsafe attribute "update_time" of "Post".
in C:\wamp64\www\yii1\blog\protected\controllers\PostController.php (72)
in C:\wamp64\www\yii1\blog\index.php (13)
2020/08/31 11:14:41 [warning] [application] Failed to set unsafe attribute "author_id" of "Post".
in C:\wamp64\www\yii1\blog\protected\controllers\PostController.php (72)
in C:\wamp64\www\yii1\blog\index.php (13)
2020/08/31 11:14:41 [error] [exception.Error] Error: Call to undefined method Tag::array2string() in C:\wamp64\www\yii1\blog\protected\models\Post.php:117
Stack trace:
#0 C:\wamp64\www\yii1\yii\framework\validators\CInlineValidator.php(42): Post->normalizeTags('tags', Array)
#1 C:\wamp64\www\yii1\yii\framework\validators\CValidator.php(201): CInlineValidator->validateAttribute(Object(Post), 'tags')
#2 C:\wamp64\www\yii1\yii\framework\base\CModel.php(159): CValidator->validate(Object(Post), Array)
#3 C:\wamp64\www\yii1\yii\framework\db\ar\CActiveRecord.php(810): CModel->validate(NULL)
#4 C:\wamp64\www\yii1\blog\protected\controllers\PostController.php(73): CActiveRecord->save()
#5 C:\wamp64\www\yii1\yii\framework\web\actions\CInlineAction.php(49): PostController->actionCreate()
#6 C:\wamp64\www\yii1\yii\framework\web\CController.php(308): CInlineAction->runWithParams(Array)
#7 C:\wamp64\www\yii1\yii\framework\web\filters\CFilterChain.php(134): CController->runAction(Object(CInlineAction))
#8 C:\wamp64\www\yii1\yii\framework\web\filters\CFilter.php(40): CFilterChain->run()
#9 C:\wamp64\www\yii1\yii\framework\web\CController.php(1148): CFilter->filter(Object(CFilterChain))
#10 C:\wamp64\www\yii1\yii\framework\web\filters\CInlineFilter.php(58): CController->filterAccessControl(Object(CFilterChain))
#11 C:\wamp64\www\yii1\yii\framework\web\filters\CFilterChain.php(131): CInlineFilter->filter(Object(CFilterChain))
#12 C:\wamp64\www\yii1\yii\framework\web\CController.php(291): CFilterChain->run()
#13 C:\wamp64\www\yii1\yii\framework\web\CController.php(265): CController->runActionWithFilters(Object(CInlineAction), Array)
#14 C:\wamp64\www\yii1\yii\framework\web\CWebApplication.php(282): CController->run('create')
#15 C:\wamp64\www\yii1\yii\framework\web\CWebApplication.php(141): CWebApplication->runController('post/create')
#16 C:\wamp64\www\yii1\yii\framework\base\CApplication.php(185): CWebApplication->processRequest()
#17 C:\wamp64\www\yii1\blog\index.php(13): CApplication->run()
#18 {main}
REQUEST_URI=/yii1/blog/index.php?r=post/create
HTTP_REFERER=http://localhost/yii1/blog/index.php?r=post/create
---
2020/08/31 11:15:02 [warning] [application] Failed to set unsafe attribute "create_time" of "Post".
in C:\wamp64\www\yii1\blog\protected\controllers\PostController.php (72)
in C:\wamp64\www\yii1\blog\index.php (13)
2020/08/31 11:15:02 [warning] [application] Failed to set unsafe attribute "update_time" of "Post".
in C:\wamp64\www\yii1\blog\protected\controllers\PostController.php (72)
in C:\wamp64\www\yii1\blog\index.php (13)
2020/08/31 11:15:02 [warning] [application] Failed to set unsafe attribute "author_id" of "Post".
in C:\wamp64\www\yii1\blog\protected\controllers\PostController.php (72)
in C:\wamp64\www\yii1\blog\index.php (13)
2020/08/31 11:17:53 [warning] [application] Failed to set unsafe attribute "create_time" of "Post".
in C:\wamp64\www\yii1\blog\protected\controllers\PostController.php (72)
in C:\wamp64\www\yii1\blog\index.php (13)
2020/08/31 11:17:53 [warning] [application] Failed to set unsafe attribute "update_time" of "Post".
in C:\wamp64\www\yii1\blog\protected\controllers\PostController.php (72)
in C:\wamp64\www\yii1\blog\index.php (13)
2020/08/31 11:17:53 [warning] [application] Failed to set unsafe attribute "author_id" of "Post".
in C:\wamp64\www\yii1\blog\protected\controllers\PostController.php (72)
in C:\wamp64\www\yii1\blog\index.php (13)
2020/08/31 16:54:57 [warning] [application] Failed to set unsafe attribute "create_time" of "Post".
in C:\wamp64\www\yii1\blog\protected\controllers\PostController.php (67)
in C:\wamp64\www\yii1\blog\index.php (13)
2020/08/31 16:54:57 [warning] [application] Failed to set unsafe attribute "update_time" of "Post".
in C:\wamp64\www\yii1\blog\protected\controllers\PostController.php (67)
in C:\wamp64\www\yii1\blog\index.php (13)
2020/08/31 16:54:57 [warning] [application] Failed to set unsafe attribute "author_id" of "Post".
in C:\wamp64\www\yii1\blog\protected\controllers\PostController.php (67)
in C:\wamp64\www\yii1\blog\index.php (13)
2020/08/31 16:55:05 [warning] [application] Failed to set unsafe attribute "create_time" of "Post".
in C:\wamp64\www\yii1\blog\protected\controllers\PostController.php (67)
in C:\wamp64\www\yii1\blog\index.php (13)
2020/08/31 16:55:05 [warning] [application] Failed to set unsafe attribute "update_time" of "Post".
in C:\wamp64\www\yii1\blog\protected\controllers\PostController.php (67)
in C:\wamp64\www\yii1\blog\index.php (13)
2020/08/31 16:55:05 [warning] [application] Failed to set unsafe attribute "author_id" of "Post".
in C:\wamp64\www\yii1\blog\protected\controllers\PostController.php (67)
in C:\wamp64\www\yii1\blog\index.php (13)
2020/08/31 16:55:06 [warning] [application] Failed to set unsafe attribute "create_time" of "Post".
in C:\wamp64\www\yii1\blog\protected\controllers\PostController.php (67)
in C:\wamp64\www\yii1\blog\index.php (13)
2020/08/31 16:55:06 [warning] [application] Failed to set unsafe attribute "update_time" of "Post".
in C:\wamp64\www\yii1\blog\protected\controllers\PostController.php (67)
in C:\wamp64\www\yii1\blog\index.php (13)
2020/08/31 16:55:06 [warning] [application] Failed to set unsafe attribute "author_id" of "Post".
in C:\wamp64\www\yii1\blog\protected\controllers\PostController.php (67)
in C:\wamp64\www\yii1\blog\index.php (13)
2020/08/31 16:55:18 [warning] [application] Failed to set unsafe attribute "create_time" of "Post".
in C:\wamp64\www\yii1\blog\protected\controllers\PostController.php (67)
in C:\wamp64\www\yii1\blog\index.php (13)
2020/08/31 16:55:18 [warning] [application] Failed to set unsafe attribute "update_time" of "Post".
in C:\wamp64\www\yii1\blog\protected\controllers\PostController.php (67)
in C:\wamp64\www\yii1\blog\index.php (13)
2020/08/31 16:55:18 [warning] [application] Failed to set unsafe attribute "author_id" of "Post".
in C:\wamp64\www\yii1\blog\protected\controllers\PostController.php (67)
in C:\wamp64\www\yii1\blog\index.php (13)
2020/08/31 16:55:21 [warning] [application] Failed to set unsafe attribute "create_time" of "Post".
in C:\wamp64\www\yii1\blog\protected\controllers\PostController.php (67)
in C:\wamp64\www\yii1\blog\index.php (13)
2020/08/31 16:55:21 [warning] [application] Failed to set unsafe attribute "update_time" of "Post".
in C:\wamp64\www\yii1\blog\protected\controllers\PostController.php (67)
in C:\wamp64\www\yii1\blog\index.php (13)
2020/08/31 16:55:21 [warning] [application] Failed to set unsafe attribute "author_id" of "Post".
in C:\wamp64\www\yii1\blog\protected\controllers\PostController.php (67)
in C:\wamp64\www\yii1\blog\index.php (13)
2020/08/31 16:55:21 [warning] [application] Failed to set unsafe attribute "create_time" of "Post".
in C:\wamp64\www\yii1\blog\protected\controllers\PostController.php (67)
in C:\wamp64\www\yii1\blog\index.php (13)
2020/08/31 16:55:21 [warning] [application] Failed to set unsafe attribute "update_time" of "Post".
in C:\wamp64\www\yii1\blog\protected\controllers\PostController.php (67)
in C:\wamp64\www\yii1\blog\index.php (13)
2020/08/31 16:55:21 [warning] [application] Failed to set unsafe attribute "author_id" of "Post".
in C:\wamp64\www\yii1\blog\protected\controllers\PostController.php (67)
in C:\wamp64\www\yii1\blog\index.php (13)
2020/08/31 16:55:24 [warning] [application] Failed to set unsafe attribute "create_time" of "Post".
in C:\wamp64\www\yii1\blog\protected\controllers\PostController.php (67)
in C:\wamp64\www\yii1\blog\index.php (13)
2020/08/31 16:55:24 [warning] [application] Failed to set unsafe attribute "update_time" of "Post".
in C:\wamp64\www\yii1\blog\protected\controllers\PostController.php (67)
in C:\wamp64\www\yii1\blog\index.php (13)
2020/08/31 16:55:24 [warning] [application] Failed to set unsafe attribute "author_id" of "Post".
in C:\wamp64\www\yii1\blog\protected\controllers\PostController.php (67)
in C:\wamp64\www\yii1\blog\index.php (13)
2020/08/31 16:55:37 [warning] [application] Failed to set unsafe attribute "create_time" of "Post".
in C:\wamp64\www\yii1\blog\protected\controllers\PostController.php (91)
in C:\wamp64\www\yii1\blog\index.php (13)
2020/08/31 16:55:37 [warning] [application] Failed to set unsafe attribute "update_time" of "Post".
in C:\wamp64\www\yii1\blog\protected\controllers\PostController.php (91)
in C:\wamp64\www\yii1\blog\index.php (13)
2020/08/31 16:55:37 [warning] [application] Failed to set unsafe attribute "author_id" of "Post".
in C:\wamp64\www\yii1\blog\protected\controllers\PostController.php (91)
in C:\wamp64\www\yii1\blog\index.php (13)
2020/09/01 06:35:00 [error] [exception.CHttpException.404] CHttpException: The requested page does not exist. in C:\wamp64\www\yii1\blog\protected\controllers\PostController.php:179
Stack trace:
#0 C:\wamp64\www\yii1\blog\protected\controllers\PostController.php(49): PostController->loadModel()
#1 C:\wamp64\www\yii1\yii\framework\web\actions\CInlineAction.php(49): PostController->actionView()
#2 C:\wamp64\www\yii1\yii\framework\web\CController.php(308): CInlineAction->runWithParams(Array)
#3 C:\wamp64\www\yii1\yii\framework\web\filters\CFilterChain.php(134): CController->runAction(Object(CInlineAction))
#4 C:\wamp64\www\yii1\yii\framework\web\filters\CFilter.php(40): CFilterChain->run()
#5 C:\wamp64\www\yii1\yii\framework\web\CController.php(1148): CFilter->filter(Object(CFilterChain))
#6 C:\wamp64\www\yii1\yii\framework\web\filters\CInlineFilter.php(58): CController->filterAccessControl(Object(CFilterChain))
#7 C:\wamp64\www\yii1\yii\framework\web\filters\CFilterChain.php(131): CInlineFilter->filter(Object(CFilterChain))
#8 C:\wamp64\www\yii1\yii\framework\web\CController.php(291): CFilterChain->run()
#9 C:\wamp64\www\yii1\yii\framework\web\CController.php(265): CController->runActionWithFilters(Object(CInlineAction), Array)
#10 C:\wamp64\www\yii1\yii\framework\web\CWebApplication.php(282): CController->run('view')
#11 C:\wamp64\www\yii1\yii\framework\web\CWebApplication.php(141): CWebApplication->runController('post/view')
#12 C:\wamp64\www\yii1\yii\framework\base\CApplication.php(185): CWebApplication->processRequest()
#13 C:\wamp64\www\yii1\blog\index.php(13): CApplication->run()
#14 {main}
REQUEST_URI=/yii1/blog/index.php?r=post/view
---
2020/09/01 07:04:38 [warning] [application] Failed to set unsafe attribute "status" of "Comment".
in C:\wamp64\www\yii1\blog\protected\controllers\PostController.php (63)
in C:\wamp64\www\yii1\blog\protected\controllers\PostController.php (50)
in C:\wamp64\www\yii1\blog\index.php (13)
2020/09/01 07:04:38 [warning] [application] Failed to set unsafe attribute "create_time" of "Comment".
in C:\wamp64\www\yii1\blog\protected\controllers\PostController.php (63)
in C:\wamp64\www\yii1\blog\protected\controllers\PostController.php (50)
in C:\wamp64\www\yii1\blog\index.php (13)
2020/09/01 07:04:38 [warning] [application] Failed to set unsafe attribute "post_id" of "Comment".
in C:\wamp64\www\yii1\blog\protected\controllers\PostController.php (63)
in C:\wamp64\www\yii1\blog\protected\controllers\PostController.php (50)
in C:\wamp64\www\yii1\blog\index.php (13)
2020/09/01 07:04:39 [warning] [application] Failed to set unsafe attribute "status" of "Comment".
in C:\wamp64\www\yii1\blog\protected\controllers\PostController.php (63)
in C:\wamp64\www\yii1\blog\protected\controllers\PostController.php (50)
in C:\wamp64\www\yii1\blog\index.php (13)
2020/09/01 07:04:39 [warning] [application] Failed to set unsafe attribute "create_time" of "Comment".
in C:\wamp64\www\yii1\blog\protected\controllers\PostController.php (63)
in C:\wamp64\www\yii1\blog\protected\controllers\PostController.php (50)
in C:\wamp64\www\yii1\blog\index.php (13)
2020/09/01 07:04:39 [warning] [application] Failed to set unsafe attribute "post_id" of "Comment".
in C:\wamp64\www\yii1\blog\protected\controllers\PostController.php (63)
in C:\wamp64\www\yii1\blog\protected\controllers\PostController.php (50)
in C:\wamp64\www\yii1\blog\index.php (13)
2020/09/01 07:04:41 [warning] [application] Failed to set unsafe attribute "status" of "Comment".
in C:\wamp64\www\yii1\blog\protected\controllers\PostController.php (63)
in C:\wamp64\www\yii1\blog\protected\controllers\PostController.php (50)
in C:\wamp64\www\yii1\blog\index.php (13)
2020/09/01 07:04:41 [warning] [application] Failed to set unsafe attribute "create_time" of "Comment".
in C:\wamp64\www\yii1\blog\protected\controllers\PostController.php (63)
in C:\wamp64\www\yii1\blog\protected\controllers\PostController.php (50)
in C:\wamp64\www\yii1\blog\index.php (13)
2020/09/01 07:04:41 [warning] [application] Failed to set unsafe attribute "post_id" of "Comment".
in C:\wamp64\www\yii1\blog\protected\controllers\PostController.php (63)
in C:\wamp64\www\yii1\blog\protected\controllers\PostController.php (50)
in C:\wamp64\www\yii1\blog\index.php (13)
2020/09/01 07:04:41 [warning] [application] Failed to set unsafe attribute "status" of "Comment".
in C:\wamp64\www\yii1\blog\protected\controllers\PostController.php (63)
in C:\wamp64\www\yii1\blog\protected\controllers\PostController.php (50)
in C:\wamp64\www\yii1\blog\index.php (13)
2020/09/01 07:04:41 [warning] [application] Failed to set unsafe attribute "create_time" of "Comment".
in C:\wamp64\www\yii1\blog\protected\controllers\PostController.php (63)
in C:\wamp64\www\yii1\blog\protected\controllers\PostController.php (50)
in C:\wamp64\www\yii1\blog\index.php (13)
2020/09/01 07:04:41 [warning] [application] Failed to set unsafe attribute "post_id" of "Comment".
in C:\wamp64\www\yii1\blog\protected\controllers\PostController.php (63)
in C:\wamp64\www\yii1\blog\protected\controllers\PostController.php (50)
in C:\wamp64\www\yii1\blog\index.php (13)
2020/09/01 07:04:50 [warning] [application] Failed to set unsafe attribute "status" of "Comment".
in C:\wamp64\www\yii1\blog\protected\controllers\PostController.php (63)
in C:\wamp64\www\yii1\blog\protected\controllers\PostController.php (50)
in C:\wamp64\www\yii1\blog\index.php (13)
2020/09/01 07:04:50 [warning] [application] Failed to set unsafe attribute "create_time" of "Comment".
in C:\wamp64\www\yii1\blog\protected\controllers\PostController.php (63)
in C:\wamp64\www\yii1\blog\protected\controllers\PostController.php (50)
in C:\wamp64\www\yii1\blog\index.php (13)
2020/09/01 07:04:50 [warning] [application] Failed to set unsafe attribute "post_id" of "Comment".
in C:\wamp64\www\yii1\blog\protected\controllers\PostController.php (63)
in C:\wamp64\www\yii1\blog\protected\controllers\PostController.php (50)
in C:\wamp64\www\yii1\blog\index.php (13)
2020/09/01 07:04:50 [error] [exception.CException] CException: PostController cannot find the requested view "_comments". in C:\wamp64\www\yii1\yii\framework\web\CController.php:881
Stack trace:
#0 C:\wamp64\www\yii1\blog\protected\views\post\view.php(43): CController->renderPartial('_comments', Array)
#1 C:\wamp64\www\yii1\yii\framework\web\CBaseController.php(126): require('C:\\wamp64\\www\\y...')
#2 C:\wamp64\www\yii1\yii\framework\web\CBaseController.php(95): CBaseController->renderInternal('C:\\wamp64\\www\\y...', Array, true)
#3 C:\wamp64\www\yii1\yii\framework\web\CController.php(872): CBaseController->renderFile('C:\\wamp64\\www\\y...', Array, true)
#4 C:\wamp64\www\yii1\yii\framework\web\CController.php(785): CController->renderPartial('view', Array, true)
#5 C:\wamp64\www\yii1\blog\protected\controllers\PostController.php(54): CController->render('view', Array)
#6 C:\wamp64\www\yii1\yii\framework\web\actions\CInlineAction.php(49): PostController->actionView()
#7 C:\wamp64\www\yii1\yii\framework\web\CController.php(308): CInlineAction->runWithParams(Array)
#8 C:\wamp64\www\yii1\yii\framework\web\filters\CFilterChain.php(134): CController->runAction(Object(CInlineAction))
#9 C:\wamp64\www\yii1\yii\framework\web\filters\CFilter.php(40): CFilterChain->run()
#10 C:\wamp64\www\yii1\yii\framework\web\CController.php(1148): CFilter->filter(Object(CFilterChain))
#11 C:\wamp64\www\yii1\yii\framework\web\filters\CInlineFilter.php(58): CController->filterAccessControl(Object(CFilterChain))
#12 C:\wamp64\www\yii1\yii\framework\web\filters\CFilterChain.php(131): CInlineFilter->filter(Object(CFilterChain))
#13 C:\wamp64\www\yii1\yii\framework\web\CController.php(291): CFilterChain->run()
#14 C:\wamp64\www\yii1\yii\framework\web\CController.php(265): CController->runActionWithFilters(Object(CInlineAction), Array)
#15 C:\wamp64\www\yii1\yii\framework\web\CWebApplication.php(282): CController->run('view')
#16 C:\wamp64\www\yii1\yii\framework\web\CWebApplication.php(141): CWebApplication->runController('post/view')
#17 C:\wamp64\www\yii1\yii\framework\base\CApplication.php(185): CWebApplication->processRequest()
#18 C:\wamp64\www\yii1\blog\index.php(13): CApplication->run()
#19 {main}
REQUEST_URI=/yii1/blog/index.php?r=post/view&id=1&title=Welcome%21
HTTP_REFERER=http://localhost/yii1/blog/index.php?r=post/view&id=1&title=Welcome%21
---
2020/09/01 07:05:05 [error] [exception.CException] CException: PostController cannot find the requested view "_comments". in C:\wamp64\www\yii1\yii\framework\web\CController.php:881
Stack trace:
#0 C:\wamp64\www\yii1\blog\protected\views\post\view.php(43): CController->renderPartial('_comments', Array)
#1 C:\wamp64\www\yii1\yii\framework\web\CBaseController.php(126): require('C:\\wamp64\\www\\y...')
#2 C:\wamp64\www\yii1\yii\framework\web\CBaseController.php(95): CBaseController->renderInternal('C:\\wamp64\\www\\y...', Array, true)
#3 C:\wamp64\www\yii1\yii\framework\web\CController.php(872): CBaseController->renderFile('C:\\wamp64\\www\\y...', Array, true)
#4 C:\wamp64\www\yii1\yii\framework\web\CController.php(785): CController->renderPartial('view', Array, true)
#5 C:\wamp64\www\yii1\blog\protected\controllers\PostController.php(54): CController->render('view', Array)
#6 C:\wamp64\www\yii1\yii\framework\web\actions\CInlineAction.php(49): PostController->actionView()
#7 C:\wamp64\www\yii1\yii\framework\web\CController.php(308): CInlineAction->runWithParams(Array)
#8 C:\wamp64\www\yii1\yii\framework\web\filters\CFilterChain.php(134): CController->runAction(Object(CInlineAction))
#9 C:\wamp64\www\yii1\yii\framework\web\filters\CFilter.php(40): CFilterChain->run()
#10 C:\wamp64\www\yii1\yii\framework\web\CController.php(1148): CFilter->filter(Object(CFilterChain))
#11 C:\wamp64\www\yii1\yii\framework\web\filters\CInlineFilter.php(58): CController->filterAccessControl(Object(CFilterChain))
#12 C:\wamp64\www\yii1\yii\framework\web\filters\CFilterChain.php(131): CInlineFilter->filter(Object(CFilterChain))
#13 C:\wamp64\www\yii1\yii\framework\web\CController.php(291): CFilterChain->run()
#14 C:\wamp64\www\yii1\yii\framework\web\CController.php(265): CController->runActionWithFilters(Object(CInlineAction), Array)
#15 C:\wamp64\www\yii1\yii\framework\web\CWebApplication.php(282): CController->run('view')
#16 C:\wamp64\www\yii1\yii\framework\web\CWebApplication.php(141): CWebApplication->runController('post/view')
#17 C:\wamp64\www\yii1\yii\framework\base\CApplication.php(185): CWebApplication->processRequest()
#18 C:\wamp64\www\yii1\blog\index.php(13): CApplication->run()
#19 {main}
REQUEST_URI=/yii1/blog/index.php?r=post/view&id=1
HTTP_REFERER=http://localhost/yii1/blog/index.php?r=post
---
2020/09/01 07:08:03 [error] [exception.CException] CException: PostController cannot find the requested view "_comments". in C:\wamp64\www\yii1\yii\framework\web\CController.php:881
Stack trace:
#0 C:\wamp64\www\yii1\blog\protected\views\post\view.php(43): CController->renderPartial('_comments', Array)
#1 C:\wamp64\www\yii1\yii\framework\web\CBaseController.php(126): require('C:\\wamp64\\www\\y...')
#2 C:\wamp64\www\yii1\yii\framework\web\CBaseController.php(95): CBaseController->renderInternal('C:\\wamp64\\www\\y...', Array, true)
#3 C:\wamp64\www\yii1\yii\framework\web\CController.php(872): CBaseController->renderFile('C:\\wamp64\\www\\y...', Array, true)
#4 C:\wamp64\www\yii1\yii\framework\web\CController.php(785): CController->renderPartial('view', Array, true)
#5 C:\wamp64\www\yii1\blog\protected\controllers\PostController.php(54): CController->render('view', Array)
#6 C:\wamp64\www\yii1\yii\framework\web\actions\CInlineAction.php(49): PostController->actionView()
#7 C:\wamp64\www\yii1\yii\framework\web\CController.php(308): CInlineAction->runWithParams(Array)
#8 C:\wamp64\www\yii1\yii\framework\web\filters\CFilterChain.php(134): CController->runAction(Object(CInlineAction))
#9 C:\wamp64\www\yii1\yii\framework\web\filters\CFilter.php(40): CFilterChain->run()
#10 C:\wamp64\www\yii1\yii\framework\web\CController.php(1148): CFilter->filter(Object(CFilterChain))
#11 C:\wamp64\www\yii1\yii\framework\web\filters\CInlineFilter.php(58): CController->filterAccessControl(Object(CFilterChain))
#12 C:\wamp64\www\yii1\yii\framework\web\filters\CFilterChain.php(131): CInlineFilter->filter(Object(CFilterChain))
#13 C:\wamp64\www\yii1\yii\framework\web\CController.php(291): CFilterChain->run()
#14 C:\wamp64\www\yii1\yii\framework\web\CController.php(265): CController->runActionWithFilters(Object(CInlineAction), Array)
#15 C:\wamp64\www\yii1\yii\framework\web\CWebApplication.php(282): CController->run('view')
#16 C:\wamp64\www\yii1\yii\framework\web\CWebApplication.php(141): CWebApplication->runController('post/view')
#17 C:\wamp64\www\yii1\yii\framework\base\CApplication.php(185): CWebApplication->processRequest()
#18 C:\wamp64\www\yii1\blog\index.php(13): CApplication->run()
#19 {main}
REQUEST_URI=/yii1/blog/index.php?r=post/view&id=2
HTTP_REFERER=http://localhost/yii1/blog/index.php?r=post
---
2020/09/01 07:15:23 [warning] [application] Failed to set unsafe attribute "status" of "Comment".
in C:\wamp64\www\yii1\blog\protected\controllers\PostController.php (63)
in C:\wamp64\www\yii1\blog\protected\controllers\PostController.php (50)
in C:\wamp64\www\yii1\blog\index.php (13)
2020/09/01 07:15:23 [warning] [application] Failed to set unsafe attribute "create_time" of "Comment".
in C:\wamp64\www\yii1\blog\protected\controllers\PostController.php (63)
in C:\wamp64\www\yii1\blog\protected\controllers\PostController.php (50)
in C:\wamp64\www\yii1\blog\index.php (13)
2020/09/01 07:15:23 [warning] [application] Failed to set unsafe attribute "post_id" of "Comment".
in C:\wamp64\www\yii1\blog\protected\controllers\PostController.php (63)
in C:\wamp64\www\yii1\blog\protected\controllers\PostController.php (50)
in C:\wamp64\www\yii1\blog\index.php (13)
2020/09/01 07:15:23 [error] [php] Undefined variable: data (C:\wamp64\www\yii1\blog\protected\views\post\_comments.php:8)
Stack trace:
#0 C:\wamp64\www\yii1\yii\framework\web\CController.php(872): PostController->renderFile()
#1 C:\wamp64\www\yii1\blog\protected\views\post\view.php(43): PostController->renderPartial()
#2 C:\wamp64\www\yii1\yii\framework\web\CBaseController.php(126): require()
#3 C:\wamp64\www\yii1\yii\framework\web\CBaseController.php(95): PostController->renderInternal()
#4 C:\wamp64\www\yii1\yii\framework\web\CController.php(872): PostController->renderFile()
#5 C:\wamp64\www\yii1\yii\framework\web\CController.php(785): PostController->renderPartial()
#6 C:\wamp64\www\yii1\blog\protected\controllers\PostController.php(54): PostController->render()
#7 C:\wamp64\www\yii1\yii\framework\web\actions\CInlineAction.php(49): PostController->actionView()
#8 C:\wamp64\www\yii1\yii\framework\web\CController.php(308): CInlineAction->runWithParams()
#9 C:\wamp64\www\yii1\yii\framework\web\filters\CFilterChain.php(134): PostController->runAction()
#10 C:\wamp64\www\yii1\yii\framework\web\filters\CFilter.php(40): CFilterChain->run()
#11 C:\wamp64\www\yii1\yii\framework\web\CController.php(1148): CAccessControlFilter->filter()
#12 C:\wamp64\www\yii1\yii\framework\web\filters\CInlineFilter.php(58): PostController->filterAccessControl()
#13 C:\wamp64\www\yii1\yii\framework\web\filters\CFilterChain.php(131): CInlineFilter->filter()
#14 C:\wamp64\www\yii1\yii\framework\web\CController.php(291): CFilterChain->run()
#15 C:\wamp64\www\yii1\yii\framework\web\CController.php(265): PostController->runActionWithFilters()
#16 C:\wamp64\www\yii1\yii\framework\web\CWebApplication.php(282): PostController->run()
#17 C:\wamp64\www\yii1\yii\framework\web\CWebApplication.php(141): CWebApplication->runController()
#18 C:\wamp64\www\yii1\yii\framework\base\CApplication.php(185): CWebApplication->processRequest()
#19 C:\wamp64\www\yii1\blog\index.php(13): CWebApplication->run()
REQUEST_URI=/yii1/blog/index.php?r=post/view&id=1
in C:\wamp64\www\yii1\blog\protected\views\post\_comments.php (8)
in C:\wamp64\www\yii1\blog\protected\views\post\view.php (43)
in C:\wamp64\www\yii1\blog\protected\controllers\PostController.php (54)
